<?xml version="1.0" encoding="UTF-8"?>
<coverage generated="1710450074897" clover="3.2.0">
  <project timestamp="1710450074897" name="All files">
    <metrics statements="9" coveredstatements="8" conditionals="8" coveredconditionals="6" methods="2" coveredmethods="2" elements="19" coveredelements="16" complexity="0" loc="9" ncloc="9" packages="1" files="1" classes="1"/>
    <file name="gerenciador.pessoas.js" path="C:\Users\Gustavo\Desktop\Gustavo\testes de software\pratica-jest\src\Pessoas\gerenciador.pessoas.js">
      <metrics statements="9" coveredstatements="8" conditionals="8" coveredconditionals="6" methods="2" coveredmethods="2"/>
      <line num="5" count="4" type="stmt"/>
      <line num="9" count="4" type="cond" truecount="2" falsecount="0"/>
      <line num="10" count="1" type="stmt"/>
      <line num="12" count="3" type="cond" truecount="2" falsecount="0"/>
      <line num="13" count="1" type="stmt"/>
      <line num="15" count="2" type="cond" truecount="2" falsecount="0"/>
      <line num="16" count="1" type="stmt"/>
      <line num="18" count="1" type="cond" truecount="0" falsecount="2"/>
      <line num="19" count="0" type="stmt"/>
    </file>
  </project>
</coverage>
