<?xml version="1.0" encoding="UTF-8"?>
<coverage generated="1711046096085" clover="3.2.0">
  <project timestamp="1711046096085" name="All files">
    <metrics statements="16" coveredstatements="15" conditionals="10" coveredconditionals="10" methods="8" coveredmethods="3" elements="34" coveredelements="28" complexity="0" loc="16" ncloc="16" packages="1" files="2" classes="2"/>
    <file name="gerenciador.pessoas.js" path="C:\Users\Gustavo\Desktop\Gustavo\testes de software\pratica-jest\src\Pessoas\gerenciador.pessoas.js">
      <metrics statements="15" coveredstatements="15" conditionals="10" coveredconditionals="10" methods="3" coveredmethods="3"/>
      <line num="7" count="6" type="stmt"/>
      <line num="11" count="6" type="cond" truecount="2" falsecount="0"/>
      <line num="12" count="1" type="stmt"/>
      <line num="14" count="5" type="cond" truecount="2" falsecount="0"/>
      <line num="15" count="1" type="stmt"/>
      <line num="17" count="4" type="cond" truecount="2" falsecount="0"/>
      <line num="18" count="1" type="stmt"/>
      <line num="20" count="3" type="cond" truecount="2" falsecount="0"/>
      <line num="21" count="1" type="stmt"/>
      <line num="23" count="2" type="stmt"/>
      <line num="24" count="2" type="stmt"/>
      <line num="25" count="2" type="cond" truecount="2" falsecount="0"/>
      <line num="26" count="1" type="stmt"/>
      <line num="28" count="1" type="stmt"/>
      <line num="32" count="1" type="stmt"/>
    </file>
    <file name="repositorio.pessoas.js" path="C:\Users\Gustavo\Desktop\Gustavo\testes de software\pratica-jest\src\Pessoas\repositorio.pessoas.js">
      <metrics statements="1" coveredstatements="0" conditionals="0" coveredconditionals="0" methods="5" coveredmethods="0"/>
      <line num="3" count="0" type="stmt"/>
    </file>
  </project>
</coverage>
