TN:
SF:src\Pessoas\gerenciador.pessoas.js
FN:6,(anonymous_0)
FN:10,(anonymous_1)
FN:31,(anonymous_2)
FNF:3
FNH:3
FNDA:6,(anonymous_0)
FNDA:6,(anonymous_1)
FNDA:1,(anonymous_2)
DA:7,6
DA:11,6
DA:12,1
DA:14,5
DA:15,1
DA:17,4
DA:18,1
DA:20,3
DA:21,1
DA:23,2
DA:24,2
DA:25,2
DA:26,1
DA:28,1
DA:32,1
LF:15
LH:15
BRDA:11,0,0,1
BRDA:11,0,1,5
BRDA:14,1,0,1
BRDA:14,1,1,4
BRDA:17,2,0,1
BRDA:17,2,1,3
BRDA:20,3,0,1
BRDA:20,3,1,2
BRDA:25,4,0,1
BRDA:25,4,1,1
BRF:10
BRH:10
end_of_record
TN:
SF:src\Pessoas\repositorio.pessoas.js
FN:2,(anonymous_0)
FN:6,(anonymous_1)
FN:10,(anonymous_2)
FN:14,(anonymous_3)
FN:17,(anonymous_4)
FNF:5
FNH:0
FNDA:0,(anonymous_0)
FNDA:0,(anonymous_1)
FNDA:0,(anonymous_2)
FNDA:0,(anonymous_3)
FNDA:0,(anonymous_4)
DA:3,0
LF:1
LH:0
BRF:0
BRH:0
end_of_record
